<13>Oct  7 22:24:29 upg-macwin MSWinEventLog	1	Application	1928	Mon Oct 07 22:24:29 2013	32	Outlook	N/A	N/A	Information	upg-macwin	None		The store C:\Users\Ioannis\AppData\Local\Microsoft\Outlook\info@upg.gr.ost has detected a catalog checkpoint.	89 

<13>Oct  7 22:24:29 upg-macwin MSWinEventLog	0	Security	1929	Mon Oct 07 22:24:28 2013	4688	Microsoft-Windows-Security-Auditing	UPG-MACWIN\Ioannis	N/A	Success Audit	upg-macwin	Process Creation		A new process has been created.    Subject:   Security ID:  S-1-5-21-3517528025-394381957-1279483087-1001   Account Name:  Ioannis   Account Domain:  UPG-MACWIN   Logon ID:  0xCB468    Process Information:   New Process ID:  0x1bbc   New Process Name: C:\upg\Projects\VB\UPG SYSLOG SERVER\Release\data\www\UpgSyslogServer.exe   Token Elevation Type: TokenElevationTypeLimited (3)   Creator Process ID: 0xd20   Process Command Line:     Token Elevation Type indicates the type of token that was assigned to the new process in accordance with User Account Control policy.    Type 1 is a full token with no privileges removed or groups disabled.  A full token is only used if User Account Control is disabled or if the user is the built-in Administrator account or a service account.    Type 2 is an elevated token with no privileges removed or groups disabled.  An elevated token is used when User Account Control is enabled and the user chooses to start the program using Run as administrator.  An elevated token is also used when an application is configured to always require administrative privilege or to always require maximum privilege, and the user is a member of the Administrators group.    Type 3 is a limited token with administrative privileges removed and administrative groups disabled.  The limited token is used when User Account Control is enabled, the application does not require administrative privilege, and the user does not choose to start the program using Run as administrator.	1775 

<13>Oct  7 22:24:29 upg-macwin MSWinEventLog	0	Security	1930	Mon Oct 07 22:24:28 2013	4688	Microsoft-Windows-Security-Auditing	UPG-MACWIN\Ioannis	N/A	Success Audit	upg-macwin	Process Creation		A new process has been created.    Subject:   Security ID:  S-1-5-21-3517528025-394381957-1279483087-1001   Account Name:  Ioannis   Account Domain:  UPG-MACWIN   Logon ID:  0xCB468    Process Information:   New Process ID:  0x11d0   New Process Name: C:\Windows\System32\conhost.exe   Token Elevation Type: TokenElevationTypeLimited (3)   Creator Process ID: 0x1bbc   Process Command Line:     Token Elevation Type indicates the type of token that was assigned to the new process in accordance with User Account Control policy.    Type 1 is a full token with no privileges removed or groups disabled.  A full token is only used if User Account Control is disabled or if the user is the built-in Administrator account or a service account.    Type 2 is an elevated token with no privileges removed or groups disabled.  An elevated token is used when User Account Control is enabled and the user chooses to start the program using Run as administrator.  An elevated token is also used when an application is configured to always require administrative privilege or to always require maximum privilege, and the user is a member of the Administrators group.    Type 3 is a limited token with administrative privileges removed and administrative groups disabled.  The limited token is used when User Account Control is enabled, the application does not require administrative privilege, and the user does not choose to start the program using Run as administrator.	1776 

<13>Oct  7 22:24:30 upg-macwin MSWinEventLog	1	Application	1931	Mon Oct 07 22:24:30 2013	32	Outlook	N/A	N/A	Information	upg-macwin	None		The store C:\Users\Ioannis\AppData\Local\Microsoft\Outlook\ykokkinis@innovationnetworks.com.ost has detected a catalog checkpoint.	90 

<13>Oct  7 22:24:32 upg-macwin MSWinEventLog	0	Security	1932	Mon Oct 07 22:24:31 2013	4689	Microsoft-Windows-Security-Auditing	UPG-MACWIN\Ioannis	N/A	Success Audit	upg-macwin	Process Termination		A process has exited.    Subject:   Security ID:  S-1-5-21-3517528025-394381957-1279483087-1001   Account Name:  Ioannis   Account Domain:  UPG-MACWIN   Logon ID:  0xCB468    Process Information:   Process ID: 0x19e4   Process Name: C:\Program Files (x86)\Common Files\Apple\Apple Application Support\distnoted.exe   Exit Status: 0x1	1777 

<13>Oct  7 22:24:32 upg-macwin MSWinEventLog	0	Security	1933	Mon Oct 07 22:24:31 2013	4689	Microsoft-Windows-Security-Auditing	UPG-MACWIN\Ioannis	N/A	Success Audit	upg-macwin	Process Termination		A process has exited.    Subject:   Security ID:  S-1-5-21-3517528025-394381957-1279483087-1001   Account Name:  Ioannis   Account Domain:  UPG-MACWIN   Logon ID:  0xCB468    Process Information:   Process ID: 0x1b24   Process Name: C:\Windows\System32\conhost.exe   Exit Status: 0x0	1778 

<13>Oct  7 22:24:48 upg-macwin MSWinEventLog	0	Security	1934	Mon Oct 07 22:24:47 2013	4689	Microsoft-Windows-Security-Auditing	UPG-MACWIN\Ioannis	N/A	Success Audit	upg-macwin	Process Termination		A process has exited.    Subject:   Security ID:  S-1-5-21-3517528025-394381957-1279483087-1001   Account Name:  Ioannis   Account Domain:  UPG-MACWIN   Logon ID:  0xCB468    Process Information:   Process ID: 0x1a60   Process Name: C:\Program Files (x86)\Common Files\Apple\Apple Application Support\distnoted.exe   Exit Status: 0x1	1779 

<13>Oct  7 22:24:48 upg-macwin MSWinEventLog	0	Security	1935	Mon Oct 07 22:24:47 2013	4689	Microsoft-Windows-Security-Auditing	UPG-MACWIN\Ioannis	N/A	Success Audit	upg-macwin	Process Termination		A process has exited.    Subject:   Security ID:  S-1-5-21-3517528025-394381957-1279483087-1001   Account Name:  Ioannis   Account Domain:  UPG-MACWIN   Logon ID:  0xCB468    Process Information:   Process ID: 0x19d0   Process Name: C:\Windows\System32\conhost.exe   Exit Status: 0x0	1780 

<13>Oct  7 22:24:49 upg-macwin MSWinEventLog	0	Security	1936	Mon Oct 07 22:24:48 2013	4688	Microsoft-Windows-Security-Auditing	WORKGROUP\UPG-MACWIN$	N/A	Success Audit	upg-macwin	Process Creation		A new process has been created.    Subject:   Security ID:  S-1-5-18   Account Name:  UPG-MACWIN$   Account Domain:  WORKGROUP   Logon ID:  0x3E7    Process Information:   New Process ID:  0x1828   New Process Name: C:\Windows\System32\RuntimeBroker.exe   Token Elevation Type: TokenElevationTypeLimited (3)   Creator Process ID: 0x2b0   Process Command Line:     Token Elevation Type indicates the type of token that was assigned to the new process in accordance with User Account Control policy.    Type 1 is a full token with no privileges removed or groups disabled.  A full token is only used if User Account Control is disabled or if the user is the built-in Administrator account or a service account.    Type 2 is an elevated token with no privileges removed or groups disabled.  An elevated token is used when User Account Control is enabled and the user chooses to start the program using Run as administrator.  An elevated token is also used when an application is configured to always require administrative privilege or to always require maximum privilege, and the user is a member of the Administrators group.    Type 3 is a limited token with administrative privileges removed and administrative groups disabled.  The limited token is used when User Account Control is enabled, the application does not require administrative privilege, and the user does not choose to start the program using Run as administrator.	1781 

<13>Oct  7 22:25:00 upg-macwin MSWinEventLog	1	Application	1937	Mon Oct 07 22:25:00 2013	16384	Microsoft-Windows-Security-SPP	N/A	N/A	Information	upg-macwin	None		Successfully scheduled Software Protection service for re-start at 2014-01-01T23:59:00Z. Reason: RulesEngine.	91 

<13>Oct  7 22:25:00 upg-macwin MSWinEventLog	1	Application	1938	Mon Oct 07 22:25:00 2013	903	Microsoft-Windows-Security-SPP	N/A	N/A	Information	upg-macwin	None		The Software Protection service has stopped.  	92 

<13>Oct  7 22:25:01 upg-macwin MSWinEventLog	0	Security	1939	Mon Oct 07 22:25:00 2013	4689	Microsoft-Windows-Security-Auditing	WORKGROUP\UPG-MACWIN$	N/A	Success Audit	upg-macwin	Process Termination		A process has exited.    Subject:   Security ID:  S-1-5-20   Account Name:  UPG-MACWIN$   Account Domain:  WORKGROUP   Logon ID:  0x3E4    Process Information:   Process ID: 0x1624   Process Name: C:\Windows\System32\sppsvc.exe   Exit Status: 0x0	1782 

<13>Oct  7 22:25:13 upg-macwin MSWinEventLog	1	Application	1940	Mon Oct 07 22:25:13 2013	63	Outlook	N/A	N/A	Information	upg-macwin	None		The Exchange web service request GetAppManifests succeeded. 	93 

<13>Oct  7 22:25:19 upg-macwin MSWinEventLog	0	Security	1941	Mon Oct 07 22:25:18 2013	4689	Microsoft-Windows-Security-Auditing	UPG-MACWIN\Ioannis	N/A	Success Audit	upg-macwin	Process Termination		A process has exited.    Subject:   Security ID:  S-1-5-21-3517528025-394381957-1279483087-1001   Account Name:  Ioannis   Account Domain:  UPG-MACWIN   Logon ID:  0xCB468    Process Information:   Process ID: 0x1828   Process Name: C:\Windows\System32\RuntimeBroker.exe   Exit Status: 0x0	1783 

<13>Oct  7 22:25:28 upg-macwin MSWinEventLog	1	Application	1942	Mon Oct 07 22:25:28 2013	27	Outlook	N/A	N/A	Information	upg-macwin	None		Starting OAB download. (See event data).	94 

<13>Oct  7 22:25:29 upg-macwin MSWinEventLog	1	Application	1943	Mon Oct 07 22:25:29 2013	63	Outlook	N/A	N/A	Information	upg-macwin	None		The Exchange web service request GetAppManifests succeeded. 	95 

<13>Oct  7 22:25:35 upg-macwin MSWinEventLog	0	Security	1944	Mon Oct 07 22:25:34 2013	4689	Microsoft-Windows-Security-Auditing	WORKGROUP\UPG-MACWIN$	N/A	Success Audit	upg-macwin	Process Termination		A process has exited.    Subject:   Security ID:  S-1-5-18   Account Name:  UPG-MACWIN$   Account Domain:  WORKGROUP   Logon ID:  0x3E7    Process Information:   Process ID: 0x1954   Process Name: C:\Windows\System32\SearchProtocolHost.exe   Exit Status: 0x0	1784 

<13>Oct  7 22:25:37 upg-macwin MSWinEventLog	1	Application	1945	Mon Oct 07 22:25:37 2013	63	Outlook	N/A	N/A	Information	upg-macwin	None		Outlook detected a change notification for your apps and will attempt to update them.	96 

<13>Oct  7 22:25:38 upg-macwin MSWinEventLog	1	Application	1946	Mon Oct 07 22:25:38 2013	63	Outlook	N/A	N/A	Information	upg-macwin	None		The Exchange web service request GetAppManifests succeeded. 	97 

<13>Oct  7 22:25:40 upg-macwin MSWinEventLog	1	Application	1947	Mon Oct 07 22:25:40 2013	63	Outlook	N/A	N/A	Information	upg-macwin	None		The Exchange web service request GetAppManifests succeeded. 	98 

<13>Oct  7 22:26:03 upg-macwin MSWinEventLog	0	Security	1948	Mon Oct 07 22:26:02 2013	4689	Microsoft-Windows-Security-Auditing	WORKGROUP\UPG-MACWIN$	N/A	Success Audit	upg-macwin	Process Termination		A process has exited.    Subject:   Security ID:  S-1-5-18   Account Name:  UPG-MACWIN$   Account Domain:  WORKGROUP   Logon ID:  0x3E7    Process Information:   Process ID: 0xdc8   Process Name: C:\Windows\System32\SearchFilterHost.exe   Exit Status: 0x0	1785 

<13>Oct  7 22:26:03 upg-macwin MSWinEventLog	0	Security	1949	Mon Oct 07 22:26:02 2013	4688	Microsoft-Windows-Security-Auditing	WORKGROUP\UPG-MACWIN$	N/A	Success Audit	upg-macwin	Process Creation		A new process has been created.    Subject:   Security ID:  S-1-5-18   Account Name:  UPG-MACWIN$   Account Domain:  WORKGROUP   Logon ID:  0x3E7    Process Information:   New Process ID:  0x1af4   New Process Name: C:\Windows\System32\SearchFilterHost.exe   Token Elevation Type: TokenElevationTypeDefault (1)   Creator Process ID: 0xd54   Process Command Line:     Token Elevation Type indicates the type of token that was assigned to the new process in accordance with User Account Control policy.    Type 1 is a full token with no privileges removed or groups disabled.  A full token is only used if User Account Control is disabled or if the user is the built-in Administrator account or a service account.    Type 2 is an elevated token with no privileges removed or groups disabled.  An elevated token is used when User Account Control is enabled and the user chooses to start the program using Run as administrator.  An elevated token is also used when an application is configured to always require administrative privilege or to always require maximum privilege, and the user is a member of the Administrators group.    Type 3 is a limited token with administrative privileges removed and administrative groups disabled.  The limited token is used when User Account Control is enabled, the application does not require administrative privilege, and the user does not choose to start the program using Run as administrator.	1786 

<13>Oct  7 22:26:09 upg-macwin MSWinEventLog	0	Security	1950	Mon Oct 07 22:26:08 2013	4688	Microsoft-Windows-Security-Auditing	UPG-MACWIN\Ioannis	N/A	Success Audit	upg-macwin	Process Creation		A new process has been created.    Subject:   Security ID:  S-1-5-21-3517528025-394381957-1279483087-1001   Account Name:  Ioannis   Account Domain:  UPG-MACWIN   Logon ID:  0xCB468    Process Information:   New Process ID:  0x1ba8   New Process Name: C:\Program Files (x86)\Google\Chrome\Application\chrome.exe   Token Elevation Type: TokenElevationTypeLimited (3)   Creator Process ID: 0x924   Process Command Line:     Token Elevation Type indicates the type of token that was assigned to the new process in accordance with User Account Control policy.    Type 1 is a full token with no privileges removed or groups disabled.  A full token is only used if User Account Control is disabled or if the user is the built-in Administrator account or a service account.    Type 2 is an elevated token with no privileges removed or groups disabled.  An elevated token is used when User Account Control is enabled and the user chooses to start the program using Run as administrator.  An elevated token is also used when an application is configured to always require administrative privilege or to always require maximum privilege, and the user is a member of the Administrators group.    Type 3 is a limited token with administrative privileges removed and administrative groups disabled.  The limited token is used when User Account Control is enabled, the application does not require administrative privilege, and the user does not choose to start the program using Run as administrator.	1787 

