<13>Oct 15 19:44:36 upg-macwin MSWinEventLog	0	Security	1643	Tue Oct 15 19:44:35 2013	4688	Microsoft-Windows-Security-Auditing	UPG-MACWIN\Ioannis	N/A	Success Audit	upg-macwin	Process Creation		A new process has been created.    Subject:   Security ID:  S-1-5-21-3517528025-394381957-1279483087-1001   Account Name:  Ioannis   Account Domain:  UPG-MACWIN   Logon ID:  0x9EEA7    Process Information:   New Process ID:  0x1a78   New Process Name: C:\upg\Projects\VB\UPG SYSLOG SERVER\Release\data\www\UpgSyslogServer.exe   Token Elevation Type: TokenElevationTypeLimited (3)   Creator Process ID: 0xdc0   Process Command Line:     Token Elevation Type indicates the type of token that was assigned to the new process in accordance with User Account Control policy.    Type 1 is a full token with no privileges removed or groups disabled.  A full token is only used if User Account Control is disabled or if the user is the built-in Administrator account or a service account.    Type 2 is an elevated token with no privileges removed or groups disabled.  An elevated token is used when User Account Control is enabled and the user chooses to start the program using Run as administrator.  An elevated token is also used when an application is configured to always require administrative privilege or to always require maximum privilege, and the user is a member of the Administrators group.    Type 3 is a limited token with administrative privileges removed and administrative groups disabled.  The limited token is used when User Account Control is enabled, the application does not require administrative privilege, and the user does not choose to start the program using Run as administrator.	1510 

<13>Oct 15 19:44:36 upg-macwin MSWinEventLog	0	Security	1644	Tue Oct 15 19:44:35 2013	4688	Microsoft-Windows-Security-Auditing	UPG-MACWIN\Ioannis	N/A	Success Audit	upg-macwin	Process Creation		A new process has been created.    Subject:   Security ID:  S-1-5-21-3517528025-394381957-1279483087-1001   Account Name:  Ioannis   Account Domain:  UPG-MACWIN   Logon ID:  0x9EEA7    Process Information:   New Process ID:  0xc74   New Process Name: C:\Windows\System32\conhost.exe   Token Elevation Type: TokenElevationTypeLimited (3)   Creator Process ID: 0x1a78   Process Command Line:     Token Elevation Type indicates the type of token that was assigned to the new process in accordance with User Account Control policy.    Type 1 is a full token with no privileges removed or groups disabled.  A full token is only used if User Account Control is disabled or if the user is the built-in Administrator account or a service account.    Type 2 is an elevated token with no privileges removed or groups disabled.  An elevated token is used when User Account Control is enabled and the user chooses to start the program using Run as administrator.  An elevated token is also used when an application is configured to always require administrative privilege or to always require maximum privilege, and the user is a member of the Administrators group.    Type 3 is a limited token with administrative privileges removed and administrative groups disabled.  The limited token is used when User Account Control is enabled, the application does not require administrative privilege, and the user does not choose to start the program using Run as administrator.	1511 

<13>Oct 15 19:44:37 upg-macwin MSWinEventLog	0	Security	1645	Tue Oct 15 19:44:36 2013	4688	Microsoft-Windows-Security-Auditing	WORKGROUP\UPG-MACWIN$	N/A	Success Audit	upg-macwin	Process Creation		A new process has been created.    Subject:   Security ID:  S-1-5-18   Account Name:  UPG-MACWIN$   Account Domain:  WORKGROUP   Logon ID:  0x3E7    Process Information:   New Process ID:  0x11b8   New Process Name: C:\Windows\System32\SearchProtocolHost.exe   Token Elevation Type: TokenElevationTypeDefault (1)   Creator Process ID: 0xe34   Process Command Line:     Token Elevation Type indicates the type of token that was assigned to the new process in accordance with User Account Control policy.    Type 1 is a full token with no privileges removed or groups disabled.  A full token is only used if User Account Control is disabled or if the user is the built-in Administrator account or a service account.    Type 2 is an elevated token with no privileges removed or groups disabled.  An elevated token is used when User Account Control is enabled and the user chooses to start the program using Run as administrator.  An elevated token is also used when an application is configured to always require administrative privilege or to always require maximum privilege, and the user is a member of the Administrators group.    Type 3 is a limited token with administrative privileges removed and administrative groups disabled.  The limited token is used when User Account Control is enabled, the application does not require administrative privilege, and the user does not choose to start the program using Run as administrator.	1512 

<13>Oct 15 19:44:37 upg-macwin MSWinEventLog	0	Security	1646	Tue Oct 15 19:44:36 2013	4688	Microsoft-Windows-Security-Auditing	WORKGROUP\UPG-MACWIN$	N/A	Success Audit	upg-macwin	Process Creation		A new process has been created.    Subject:   Security ID:  S-1-5-18   Account Name:  UPG-MACWIN$   Account Domain:  WORKGROUP   Logon ID:  0x3E7    Process Information:   New Process ID:  0xde0   New Process Name: C:\Windows\System32\SearchFilterHost.exe   Token Elevation Type: TokenElevationTypeDefault (1)   Creator Process ID: 0xe34   Process Command Line:     Token Elevation Type indicates the type of token that was assigned to the new process in accordance with User Account Control policy.    Type 1 is a full token with no privileges removed or groups disabled.  A full token is only used if User Account Control is disabled or if the user is the built-in Administrator account or a service account.    Type 2 is an elevated token with no privileges removed or groups disabled.  An elevated token is used when User Account Control is enabled and the user chooses to start the program using Run as administrator.  An elevated token is also used when an application is configured to always require administrative privilege or to always require maximum privilege, and the user is a member of the Administrators group.    Type 3 is a limited token with administrative privileges removed and administrative groups disabled.  The limited token is used when User Account Control is enabled, the application does not require administrative privilege, and the user does not choose to start the program using Run as administrator.	1513 

